image/a2dp_low_latency_1mic/a2dp_low_latency_1mic.kap
image/a2dp_low_latency_2mic/a2dp_low_latency_2mic.kap
image/cvc_headset/cvc_headset.kap
image/cvc_headset_2mic/cvc_headset_2mic.kap
image/faststream_decoder/faststream_decoder.kap
image/headers/0.idx
image/headers/1.idx
image/headers/2.idx
image/headers/3.idx
image/headers/4.idx
image/headers/5.idx
image/headers/6.idx
image/prompts/0.prm
image/prompts/1.prm
image/prompts/2.prm
image/prompts/3.prm
image/prompts/4.prm
image/prompts/5.prm
image/prompts/6.prm
image/refname/0.txt
image/refname/1.txt
image/refname/2.txt
image/refname/3.txt
image/refname/4.txt
image/refname/5.txt
image/refname/6.txt
image/sbc_decoder/sbc_decoder.kap
image/audio_prompt_config.csr
image/vm.app
